2026-04-07 20:24:39 - Starting C:\Program Files\nodejs\node.exe  --harmony C:\Users\Richard\Desktop\Contabilidad\ContaEste\node_modules\node-windows\lib\wrapper.js --file C:\Users\Richard\Desktop\Contabilidad\ContaEste\server.js --scriptoptions= --log "ContaEsteService wrapper" --grow 0.25 --wait 1 --maxrestarts 3 --abortonerror n --stopparentfirst undefined
2026-04-07 20:24:39 - Started 9532
2026-04-09 19:34:26 - Stopping contaesteservice.exe
2026-04-09 19:34:26 - ProcessKill 9532
2026-04-09 19:34:26 - Shutdown exception
Message:Se está cerrando el sistema.

Stacktrace:   en System.Runtime.InteropServices.Marshal.ThrowExceptionForHRInternal(Int32 errorCode, IntPtr errorInfo)
   en System.Management.ManagementScope.InitializeGuts(Object o)
   en System.Management.ManagementScope.Initialize()
   en System.Management.ManagementObjectSearcher.Initialize()
   en System.Management.ManagementObjectSearcher.Get()
   en winsw.WrapperService.GetChildPids(Int32 pid)
   en winsw.WrapperService.StopProcessAndChildren(Int32 pid)
   en winsw.WrapperService.StopIt()
   en winsw.WrapperService.OnShutdown()
2026-04-09 19:34:49 - Starting C:\Program Files\nodejs\node.exe  --harmony C:\Users\Richard\Desktop\Contabilidad\ContaEste\node_modules\node-windows\lib\wrapper.js --file C:\Users\Richard\Desktop\Contabilidad\ContaEste\server.js --scriptoptions= --log "ContaEsteService wrapper" --grow 0.25 --wait 1 --maxrestarts 3 --abortonerror n --stopparentfirst undefined
2026-04-09 19:34:49 - Started 5024
2026-04-13 17:38:47 - Stopping contaesteservice.exe
2026-04-13 17:38:47 - ProcessKill 5024
2026-04-13 17:38:47 - Shutdown exception
Message:Se está cerrando el sistema.

Stacktrace:   en System.Runtime.InteropServices.Marshal.ThrowExceptionForHRInternal(Int32 errorCode, IntPtr errorInfo)
   en System.Management.ManagementScope.InitializeGuts(Object o)
   en System.Management.ManagementScope.Initialize()
   en System.Management.ManagementObjectSearcher.Initialize()
   en System.Management.ManagementObjectSearcher.Get()
   en winsw.WrapperService.GetChildPids(Int32 pid)
   en winsw.WrapperService.StopProcessAndChildren(Int32 pid)
   en winsw.WrapperService.StopIt()
   en winsw.WrapperService.OnShutdown()
2026-04-13 19:29:25 - Starting C:\Program Files\nodejs\node.exe  --harmony C:\Users\Richard\Desktop\Contabilidad\ContaEste\node_modules\node-windows\lib\wrapper.js --file C:\Users\Richard\Desktop\Contabilidad\ContaEste\server.js --scriptoptions= --log "ContaEsteService wrapper" --grow 0.25 --wait 1 --maxrestarts 3 --abortonerror n --stopparentfirst undefined
2026-04-13 19:29:26 - Started 4120
2026-04-13 21:10:31 - Stopping contaesteservice.exe
2026-04-13 21:10:31 - ProcessKill 4120
2026-04-13 21:10:31 - Shutdown exception
Message:Se está cerrando el sistema.

Stacktrace:   en System.Runtime.InteropServices.Marshal.ThrowExceptionForHRInternal(Int32 errorCode, IntPtr errorInfo)
   en System.Management.ManagementScope.InitializeGuts(Object o)
   en System.Management.ManagementScope.Initialize()
   en System.Management.ManagementObjectSearcher.Initialize()
   en System.Management.ManagementObjectSearcher.Get()
   en winsw.WrapperService.GetChildPids(Int32 pid)
   en winsw.WrapperService.StopProcessAndChildren(Int32 pid)
   en winsw.WrapperService.StopIt()
   en winsw.WrapperService.OnShutdown()
2026-04-13 22:47:55 - Starting C:\Program Files\nodejs\node.exe  --harmony C:\Users\Richard\Desktop\Contabilidad\ContaEste\node_modules\node-windows\lib\wrapper.js --file C:\Users\Richard\Desktop\Contabilidad\ContaEste\server.js --scriptoptions= --log "ContaEsteService wrapper" --grow 0.25 --wait 1 --maxrestarts 3 --abortonerror n --stopparentfirst undefined
2026-04-13 22:47:55 - Started 5376
2026-04-13 22:58:58 - Stopping contaesteservice.exe
2026-04-13 22:58:58 - ProcessKill 5376
2026-04-13 22:58:59 - Shutdown exception
Message:Se está cerrando el sistema.

Stacktrace:   en System.Runtime.InteropServices.Marshal.ThrowExceptionForHRInternal(Int32 errorCode, IntPtr errorInfo)
   en System.Management.ManagementScope.InitializeGuts(Object o)
   en System.Management.ManagementScope.Initialize()
   en System.Management.ManagementObjectSearcher.Initialize()
   en System.Management.ManagementObjectSearcher.Get()
   en winsw.WrapperService.GetChildPids(Int32 pid)
   en winsw.WrapperService.StopProcessAndChildren(Int32 pid)
   en winsw.WrapperService.StopIt()
   en winsw.WrapperService.OnShutdown()
2026-04-14 08:15:01 - Starting C:\Program Files\nodejs\node.exe  --harmony C:\Users\Richard\Desktop\Contabilidad\ContaEste\node_modules\node-windows\lib\wrapper.js --file C:\Users\Richard\Desktop\Contabilidad\ContaEste\server.js --scriptoptions= --log "ContaEsteService wrapper" --grow 0.25 --wait 1 --maxrestarts 3 --abortonerror n --stopparentfirst undefined
2026-04-14 08:15:01 - Started 4224
2026-04-15 02:49:07 - Stopping contaesteservice.exe
2026-04-15 02:49:07 - ProcessKill 4224
2026-04-15 02:49:08 - Shutdown exception
Message:Se está cerrando el sistema.

Stacktrace:   en System.Runtime.InteropServices.Marshal.ThrowExceptionForHRInternal(Int32 errorCode, IntPtr errorInfo)
   en System.Management.ManagementScope.InitializeGuts(Object o)
   en System.Management.ManagementScope.Initialize()
   en System.Management.ManagementObjectSearcher.Initialize()
   en System.Management.ManagementObjectSearcher.Get()
   en winsw.WrapperService.GetChildPids(Int32 pid)
   en winsw.WrapperService.StopProcessAndChildren(Int32 pid)
   en winsw.WrapperService.StopIt()
   en winsw.WrapperService.OnShutdown()
2026-04-15 02:49:29 - Starting C:\Program Files\nodejs\node.exe  --harmony C:\Users\Richard\Desktop\Contabilidad\ContaEste\node_modules\node-windows\lib\wrapper.js --file C:\Users\Richard\Desktop\Contabilidad\ContaEste\server.js --scriptoptions= --log "ContaEsteService wrapper" --grow 0.25 --wait 1 --maxrestarts 3 --abortonerror n --stopparentfirst undefined
2026-04-15 02:49:29 - Started 5388
2026-04-15 02:50:11 - Stopping contaesteservice.exe
2026-04-15 02:50:11 - ProcessKill 5388
2026-04-15 02:50:12 - Shutdown exception
Message:Se está cerrando el sistema.

Stacktrace:   en System.Runtime.InteropServices.Marshal.ThrowExceptionForHRInternal(Int32 errorCode, IntPtr errorInfo)
   en System.Management.ManagementScope.InitializeGuts(Object o)
   en System.Management.ManagementScope.Initialize()
   en System.Management.ManagementObjectSearcher.Initialize()
   en System.Management.ManagementObjectSearcher.Get()
   en winsw.WrapperService.GetChildPids(Int32 pid)
   en winsw.WrapperService.StopProcessAndChildren(Int32 pid)
   en winsw.WrapperService.StopIt()
   en winsw.WrapperService.OnShutdown()
2026-04-15 02:50:30 - Starting C:\Program Files\nodejs\node.exe  --harmony C:\Users\Richard\Desktop\Contabilidad\ContaEste\node_modules\node-windows\lib\wrapper.js --file C:\Users\Richard\Desktop\Contabilidad\ContaEste\server.js --scriptoptions= --log "ContaEsteService wrapper" --grow 0.25 --wait 1 --maxrestarts 3 --abortonerror n --stopparentfirst undefined
2026-04-15 02:50:30 - Started 4880
2026-04-15 17:14:21 - Starting C:\Program Files\nodejs\node.exe  --harmony C:\Users\Richard\Desktop\Contabilidad\ContaEste\node_modules\node-windows\lib\wrapper.js --file C:\Users\Richard\Desktop\Contabilidad\ContaEste\server.js --scriptoptions= --log "ContaEsteService wrapper" --grow 0.25 --wait 1 --maxrestarts 3 --abortonerror n --stopparentfirst undefined
2026-04-15 17:14:21 - Started 5068
2026-04-21 15:43:02 - Stopping contaesteservice.exe
2026-04-21 15:43:02 - ProcessKill 5068
2026-04-21 15:43:02 - Found child process: 4044 Name: conhost.exe
2026-04-21 15:43:02 - Found child process: 5692 Name: node.exe
2026-04-21 15:43:02 - Stopping process 4044
2026-04-21 15:43:02 - Send SIGINT 4044
2026-04-21 15:43:02 - SIGINT to 4044 failed - Killing as fallback
2026-04-21 15:43:02 - Stopping process 5692
2026-04-21 15:43:02 - Send SIGINT 5692
2026-04-21 15:43:03 - SIGINT to 5692 failed - Killing as fallback
2026-04-21 15:43:03 - Stopping process 5068
2026-04-21 15:43:03 - Send SIGINT 5068
2026-04-21 15:43:03 - SIGINT to 5068 failed - Killing as fallback
2026-04-21 15:43:03 - Finished contaesteservice.exe
2026-04-21 15:43:05 - Starting C:\Program Files\nodejs\node.exe  --harmony C:\Users\Richard\Desktop\Contabilidad\ContaEste\node_modules\node-windows\lib\wrapper.js --file C:\Users\Richard\Desktop\Contabilidad\ContaEste\server.js --scriptoptions= --log "ContaEsteService wrapper" --grow 0.25 --wait 1 --maxrestarts 3 --abortonerror n --stopparentfirst undefined
2026-04-21 15:43:05 - Started 9204
2026-04-22 19:04:54 - Stopping contaesteservice.exe
2026-04-22 19:04:54 - ProcessKill 9204
2026-04-22 19:04:55 - Shutdown exception
Message:Se está cerrando el sistema.

Stacktrace:   en System.Runtime.InteropServices.Marshal.ThrowExceptionForHRInternal(Int32 errorCode, IntPtr errorInfo)
   en System.Management.ManagementScope.InitializeGuts(Object o)
   en System.Management.ManagementScope.Initialize()
   en System.Management.ManagementObjectSearcher.Initialize()
   en System.Management.ManagementObjectSearcher.Get()
   en winsw.WrapperService.GetChildPids(Int32 pid)
   en winsw.WrapperService.StopProcessAndChildren(Int32 pid)
   en winsw.WrapperService.StopIt()
   en winsw.WrapperService.OnShutdown()
2026-04-22 19:05:38 - Starting C:\Program Files\nodejs\node.exe  --harmony C:\Users\Richard\Desktop\Contabilidad\ContaEste\node_modules\node-windows\lib\wrapper.js --file C:\Users\Richard\Desktop\Contabilidad\ContaEste\server.js --scriptoptions= --log "ContaEsteService wrapper" --grow 0.25 --wait 1 --maxrestarts 3 --abortonerror n --stopparentfirst undefined
2026-04-22 19:05:39 - Started 5224
2026-04-23 20:04:41 - Stopping contaesteservice.exe
2026-04-23 20:04:41 - ProcessKill 5224
2026-04-23 20:04:41 - Shutdown exception
Message:Se está cerrando el sistema.

Stacktrace:   en System.Runtime.InteropServices.Marshal.ThrowExceptionForHRInternal(Int32 errorCode, IntPtr errorInfo)
   en System.Management.ManagementScope.InitializeGuts(Object o)
   en System.Management.ManagementScope.Initialize()
   en System.Management.ManagementObjectSearcher.Initialize()
   en System.Management.ManagementObjectSearcher.Get()
   en winsw.WrapperService.GetChildPids(Int32 pid)
   en winsw.WrapperService.StopProcessAndChildren(Int32 pid)
   en winsw.WrapperService.StopIt()
   en winsw.WrapperService.OnShutdown()
2026-04-23 20:15:46 - Starting C:\Program Files\nodejs\node.exe  --harmony C:\Users\Richard\Desktop\Contabilidad\ContaEste\node_modules\node-windows\lib\wrapper.js --file C:\Users\Richard\Desktop\Contabilidad\ContaEste\server.js --scriptoptions= --log "ContaEsteService wrapper" --grow 0.25 --wait 1 --maxrestarts 3 --abortonerror n --stopparentfirst undefined
2026-04-23 20:15:46 - Started 5356
2026-04-28 15:47:59 - Stopping contaesteservice.exe
2026-04-28 15:47:59 - ProcessKill 5356
2026-04-28 15:48:00 - Found child process: 5388 Name: conhost.exe
2026-04-28 15:48:00 - Found child process: 5692 Name: node.exe
2026-04-28 15:48:00 - Stopping process 5388
2026-04-28 15:48:00 - Send SIGINT 5388
2026-04-28 15:48:00 - SIGINT to 5388 failed - Killing as fallback
2026-04-28 15:48:00 - Stopping process 5692
2026-04-28 15:48:00 - Send SIGINT 5692
2026-04-28 15:48:00 - SIGINT to 5692 failed - Killing as fallback
2026-04-28 15:48:00 - Stopping process 5356
2026-04-28 15:48:00 - Send SIGINT 5356
2026-04-28 15:48:00 - SIGINT to 5356 failed - Killing as fallback
2026-04-28 15:48:00 - Finished contaesteservice.exe
2026-04-28 15:48:02 - Starting C:\Program Files\nodejs\node.exe  --harmony C:\Users\Richard\Desktop\Contabilidad\ContaEste\node_modules\node-windows\lib\wrapper.js --file C:\Users\Richard\Desktop\Contabilidad\ContaEste\server.js --scriptoptions= --log "ContaEsteService wrapper" --grow 0.25 --wait 1 --maxrestarts 3 --abortonerror n --stopparentfirst undefined
2026-04-28 15:48:02 - Started 12960
2026-04-28 15:51:44 - Starting C:\Program Files\nodejs\node.exe  --harmony C:\Users\Richard\Desktop\Contabilidad\ContaEste\node_modules\node-windows\lib\wrapper.js --file C:\Users\Richard\Desktop\Contabilidad\ContaEste\server.js --scriptoptions= --log "ContaEsteService wrapper" --grow 0.25 --wait 1 --maxrestarts 3 --abortonerror n --stopparentfirst undefined
2026-04-28 15:51:44 - Started 2000
2026-04-28 16:24:40 - Stopping contaesteservice.exe
2026-04-28 16:24:40 - ProcessKill 2000
2026-04-28 16:24:40 - Found child process: 7960 Name: conhost.exe
2026-04-28 16:24:40 - Found child process: 9636 Name: node.exe
2026-04-28 16:24:40 - Stopping process 7960
2026-04-28 16:24:40 - Send SIGINT 7960
2026-04-28 16:24:40 - SIGINT to 7960 failed - Killing as fallback
2026-04-28 16:24:40 - Stopping process 9636
2026-04-28 16:24:40 - Send SIGINT 9636
2026-04-28 16:24:40 - SIGINT to 9636 failed - Killing as fallback
2026-04-28 16:24:40 - Stopping process 2000
2026-04-28 16:24:40 - Send SIGINT 2000
2026-04-28 16:24:40 - SIGINT to 2000 failed - Killing as fallback
2026-04-28 16:24:40 - Finished contaesteservice.exe
2026-04-28 16:24:42 - Starting C:\Program Files\nodejs\node.exe  --harmony C:\Users\Richard\Desktop\Contabilidad\ContaEste\node_modules\node-windows\lib\wrapper.js --file C:\Users\Richard\Desktop\Contabilidad\ContaEste\server.js --scriptoptions= --log "ContaEsteService wrapper" --grow 0.25 --wait 1 --maxrestarts 3 --abortonerror n --stopparentfirst undefined
2026-04-28 16:24:42 - Started 6608
2026-04-28 17:09:53 - Stopping contaesteservice.exe
2026-04-28 17:09:53 - ProcessKill 6608
2026-04-28 17:09:53 - Found child process: 11284 Name: conhost.exe
2026-04-28 17:09:53 - Found child process: 11772 Name: node.exe
2026-04-28 17:09:53 - Stopping process 11284
2026-04-28 17:09:53 - Send SIGINT 11284
2026-04-28 17:09:53 - SIGINT to 11284 failed - Killing as fallback
2026-04-28 17:09:54 - Stopping process 11772
2026-04-28 17:09:54 - Send SIGINT 11772
2026-04-28 17:09:54 - SIGINT to 11772 failed - Killing as fallback
2026-04-28 17:09:54 - Stopping process 6608
2026-04-28 17:09:54 - Send SIGINT 6608
2026-04-28 17:09:54 - SIGINT to 6608 failed - Killing as fallback
2026-04-28 17:09:54 - Finished contaesteservice.exe
2026-04-28 17:09:55 - Starting C:\Program Files\nodejs\node.exe  --harmony C:\Users\Richard\Desktop\Contabilidad\ContaEste\node_modules\node-windows\lib\wrapper.js --file C:\Users\Richard\Desktop\Contabilidad\ContaEste\server.js --scriptoptions= --log "ContaEsteService wrapper" --grow 0.25 --wait 1 --maxrestarts 3 --abortonerror n --stopparentfirst undefined
2026-04-28 17:09:55 - Started 1896
2026-04-28 17:23:14 - Stopping contaesteservice.exe
2026-04-28 17:23:14 - ProcessKill 1896
2026-04-28 17:23:15 - Shutdown exception
Message:Se está cerrando el sistema.

Stacktrace:   en System.Runtime.InteropServices.Marshal.ThrowExceptionForHRInternal(Int32 errorCode, IntPtr errorInfo)
   en System.Management.ManagementScope.InitializeGuts(Object o)
   en System.Management.ManagementScope.Initialize()
   en System.Management.ManagementObjectSearcher.Initialize()
   en System.Management.ManagementObjectSearcher.Get()
   en winsw.WrapperService.GetChildPids(Int32 pid)
   en winsw.WrapperService.StopProcessAndChildren(Int32 pid)
   en winsw.WrapperService.StopIt()
   en winsw.WrapperService.OnShutdown()
2026-04-28 17:23:47 - Starting C:\Program Files\nodejs\node.exe  --harmony C:\Users\Richard\Desktop\Contabilidad\ContaEste\node_modules\node-windows\lib\wrapper.js --file C:\Users\Richard\Desktop\Contabilidad\ContaEste\server.js --scriptoptions= --log "ContaEsteService wrapper" --grow 0.25 --wait 1 --maxrestarts 3 --abortonerror n --stopparentfirst undefined
2026-04-28 17:23:47 - Started 5172
2026-05-02 11:49:10 - Stopping contaesteservice.exe
2026-05-02 11:49:10 - ProcessKill 5172
2026-05-02 11:49:10 - Shutdown exception
Message:Se está cerrando el sistema.

Stacktrace:   en System.Runtime.InteropServices.Marshal.ThrowExceptionForHRInternal(Int32 errorCode, IntPtr errorInfo)
   en System.Management.ManagementScope.InitializeGuts(Object o)
   en System.Management.ManagementScope.Initialize()
   en System.Management.ManagementObjectSearcher.Initialize()
   en System.Management.ManagementObjectSearcher.Get()
   en winsw.WrapperService.GetChildPids(Int32 pid)
   en winsw.WrapperService.StopProcessAndChildren(Int32 pid)
   en winsw.WrapperService.StopIt()
   en winsw.WrapperService.OnShutdown()
2026-05-02 11:49:52 - Starting C:\Program Files\nodejs\node.exe  --harmony C:\Users\Richard\Desktop\Contabilidad\ContaEste\node_modules\node-windows\lib\wrapper.js --file C:\Users\Richard\Desktop\Contabilidad\ContaEste\server.js --scriptoptions= --log "ContaEsteService wrapper" --grow 0.25 --wait 1 --maxrestarts 3 --abortonerror n --stopparentfirst undefined
2026-05-02 11:49:53 - Started 4892
2026-05-07 19:59:14 - Stopping contaesteservice.exe
2026-05-07 19:59:14 - ProcessKill 4892
2026-05-07 19:59:14 - Shutdown exception
Message:Se está cerrando el sistema.

Stacktrace:   en System.Runtime.InteropServices.Marshal.ThrowExceptionForHRInternal(Int32 errorCode, IntPtr errorInfo)
   en System.Management.ManagementScope.InitializeGuts(Object o)
   en System.Management.ManagementScope.Initialize()
   en System.Management.ManagementObjectSearcher.Initialize()
   en System.Management.ManagementObjectSearcher.Get()
   en winsw.WrapperService.GetChildPids(Int32 pid)
   en winsw.WrapperService.StopProcessAndChildren(Int32 pid)
   en winsw.WrapperService.StopIt()
   en winsw.WrapperService.OnShutdown()
2026-05-07 20:01:05 - Starting C:\Program Files\nodejs\node.exe  --harmony C:\Users\Richard\Desktop\Contabilidad\ContaEste\node_modules\node-windows\lib\wrapper.js --file C:\Users\Richard\Desktop\Contabilidad\ContaEste\server.js --scriptoptions= --log "ContaEsteService wrapper" --grow 0.25 --wait 1 --maxrestarts 3 --abortonerror n --stopparentfirst undefined
2026-05-07 20:01:05 - Started 4996
2026-05-09 17:57:21 - Stopping contaesteservice.exe
2026-05-09 17:57:21 - ProcessKill 4996
2026-05-09 17:57:21 - Found child process: 5048 Name: conhost.exe
2026-05-09 17:57:21 - Found child process: 5428 Name: node.exe
2026-05-09 17:57:21 - Stopping process 5048
2026-05-09 17:57:21 - Send SIGINT 5048
2026-05-09 17:57:21 - SIGINT to 5048 failed - Killing as fallback
2026-05-09 17:57:21 - Stopping process 5428
2026-05-09 17:57:21 - Send SIGINT 5428
2026-05-09 17:57:21 - SIGINT to 5428 failed - Killing as fallback
2026-05-09 17:57:21 - Stopping process 4996
2026-05-09 17:57:21 - Send SIGINT 4996
2026-05-09 17:57:21 - SIGINT to 4996 failed - Killing as fallback
2026-05-09 17:57:21 - Finished contaesteservice.exe
2026-05-09 17:57:21 - Starting C:\Program Files\nodejs\node.exe  --harmony C:\Users\Richard\Desktop\Contabilidad\ContaEste\node_modules\node-windows\lib\wrapper.js --file C:\Users\Richard\Desktop\Contabilidad\ContaEste\server.js --scriptoptions= --log "ContaEsteService wrapper" --grow 0.25 --wait 1 --maxrestarts 3 --abortonerror n --stopparentfirst undefined
2026-05-09 17:57:21 - Started 9464
2026-05-09 18:29:29 - Stopping contaesteservice.exe
2026-05-09 18:29:29 - ProcessKill 9464
2026-05-09 18:29:29 - Found child process: 2724 Name: conhost.exe
2026-05-09 18:29:29 - Found child process: 9588 Name: node.exe
2026-05-09 18:29:29 - Stopping process 2724
2026-05-09 18:29:29 - Send SIGINT 2724
2026-05-09 18:29:29 - SIGINT to 2724 failed - Killing as fallback
2026-05-09 18:29:29 - Stopping process 9588
2026-05-09 18:29:29 - Send SIGINT 9588
2026-05-09 18:29:29 - SIGINT to 9588 failed - Killing as fallback
2026-05-09 18:29:29 - Stopping process 9464
2026-05-09 18:29:29 - Send SIGINT 9464
2026-05-09 18:29:29 - SIGINT to 9464 failed - Killing as fallback
2026-05-09 18:29:29 - Finished contaesteservice.exe
2026-05-09 18:29:29 - Starting C:\Program Files\nodejs\node.exe  --harmony C:\Users\Richard\Desktop\Contabilidad\ContaEste\node_modules\node-windows\lib\wrapper.js --file C:\Users\Richard\Desktop\Contabilidad\ContaEste\server.js --scriptoptions= --log "ContaEsteService wrapper" --grow 0.25 --wait 1 --maxrestarts 3 --abortonerror n --stopparentfirst undefined
2026-05-09 18:29:29 - Started 6776
2026-05-09 18:46:26 - Stopping contaesteservice.exe
2026-05-09 18:46:26 - ProcessKill 6776
2026-05-09 18:46:26 - Found child process: 11460 Name: conhost.exe
2026-05-09 18:46:26 - Found child process: 3352 Name: node.exe
2026-05-09 18:46:26 - Stopping process 11460
2026-05-09 18:46:26 - Send SIGINT 11460
2026-05-09 18:46:26 - SIGINT to 11460 failed - Killing as fallback
2026-05-09 18:46:26 - Stopping process 3352
2026-05-09 18:46:26 - Send SIGINT 3352
2026-05-09 18:46:26 - SIGINT to 3352 failed - Killing as fallback
2026-05-09 18:46:26 - Stopping process 6776
2026-05-09 18:46:26 - Send SIGINT 6776
2026-05-09 18:46:26 - SIGINT to 6776 failed - Killing as fallback
2026-05-09 18:46:26 - Finished contaesteservice.exe
2026-05-09 18:46:26 - Starting C:\Program Files\nodejs\node.exe  --harmony C:\Users\Richard\Desktop\Contabilidad\ContaEste\node_modules\node-windows\lib\wrapper.js --file C:\Users\Richard\Desktop\Contabilidad\ContaEste\server.js --scriptoptions= --log "ContaEsteService wrapper" --grow 0.25 --wait 1 --maxrestarts 3 --abortonerror n --stopparentfirst undefined
2026-05-09 18:46:26 - Started 3144
2026-05-09 18:51:17 - Stopping contaesteservice.exe
2026-05-09 18:51:17 - ProcessKill 3144
2026-05-09 18:51:17 - Found child process: 5788 Name: conhost.exe
2026-05-09 18:51:17 - Found child process: 4572 Name: node.exe
2026-05-09 18:51:17 - Stopping process 5788
2026-05-09 18:51:17 - Send SIGINT 5788
2026-05-09 18:51:17 - SIGINT to 5788 failed - Killing as fallback
2026-05-09 18:51:17 - Stopping process 4572
2026-05-09 18:51:17 - Send SIGINT 4572
2026-05-09 18:51:17 - SIGINT to 4572 failed - Killing as fallback
2026-05-09 18:51:17 - Stopping process 3144
2026-05-09 18:51:17 - Send SIGINT 3144
2026-05-09 18:51:17 - SIGINT to 3144 failed - Killing as fallback
2026-05-09 18:51:17 - Finished contaesteservice.exe
2026-05-09 18:51:17 - Starting C:\Program Files\nodejs\node.exe  --harmony C:\Users\Richard\Desktop\Contabilidad\ContaEste\node_modules\node-windows\lib\wrapper.js --file C:\Users\Richard\Desktop\Contabilidad\ContaEste\server.js --scriptoptions= --log "ContaEsteService wrapper" --grow 0.25 --wait 1 --maxrestarts 3 --abortonerror n --stopparentfirst undefined
2026-05-09 18:51:17 - Started 9084
2026-05-09 18:55:27 - Stopping contaesteservice.exe
2026-05-09 18:55:27 - ProcessKill 9084
2026-05-09 18:55:27 - Found child process: 7752 Name: conhost.exe
2026-05-09 18:55:27 - Found child process: 4968 Name: node.exe
2026-05-09 18:55:27 - Stopping process 7752
2026-05-09 18:55:27 - Send SIGINT 7752
2026-05-09 18:55:27 - SIGINT to 7752 failed - Killing as fallback
2026-05-09 18:55:27 - Stopping process 4968
2026-05-09 18:55:27 - Send SIGINT 4968
2026-05-09 18:55:27 - SIGINT to 4968 failed - Killing as fallback
2026-05-09 18:55:27 - Stopping process 9084
2026-05-09 18:55:27 - Send SIGINT 9084
2026-05-09 18:55:27 - SIGINT to 9084 failed - Killing as fallback
2026-05-09 18:55:27 - Finished contaesteservice.exe
2026-05-09 18:55:27 - Starting C:\Program Files\nodejs\node.exe  --harmony C:\Users\Richard\Desktop\Contabilidad\ContaEste\node_modules\node-windows\lib\wrapper.js --file C:\Users\Richard\Desktop\Contabilidad\ContaEste\server.js --scriptoptions= --log "ContaEsteService wrapper" --grow 0.25 --wait 1 --maxrestarts 3 --abortonerror n --stopparentfirst undefined
2026-05-09 18:55:27 - Started 4460
2026-05-09 18:59:08 - Stopping contaesteservice.exe
2026-05-09 18:59:08 - ProcessKill 4460
2026-05-09 18:59:08 - Found child process: 6412 Name: conhost.exe
2026-05-09 18:59:08 - Found child process: 8460 Name: node.exe
2026-05-09 18:59:08 - Stopping process 6412
2026-05-09 18:59:08 - Send SIGINT 6412
2026-05-09 18:59:08 - SIGINT to 6412 failed - Killing as fallback
2026-05-09 18:59:08 - Stopping process 8460
2026-05-09 18:59:08 - Send SIGINT 8460
2026-05-09 18:59:08 - SIGINT to 8460 failed - Killing as fallback
2026-05-09 18:59:08 - Stopping process 4460
2026-05-09 18:59:08 - Send SIGINT 4460
2026-05-09 18:59:08 - SIGINT to 4460 failed - Killing as fallback
2026-05-09 18:59:08 - Finished contaesteservice.exe
2026-05-09 18:59:08 - Starting C:\Program Files\nodejs\node.exe  --harmony C:\Users\Richard\Desktop\Contabilidad\ContaEste\node_modules\node-windows\lib\wrapper.js --file C:\Users\Richard\Desktop\Contabilidad\ContaEste\server.js --scriptoptions= --log "ContaEsteService wrapper" --grow 0.25 --wait 1 --maxrestarts 3 --abortonerror n --stopparentfirst undefined
2026-05-09 18:59:08 - Started 11592
2026-05-09 19:02:51 - Stopping contaesteservice.exe
2026-05-09 19:02:51 - ProcessKill 11592
2026-05-09 19:02:51 - Found child process: 13348 Name: conhost.exe
2026-05-09 19:02:51 - Found child process: 6220 Name: node.exe
2026-05-09 19:02:51 - Stopping process 13348
2026-05-09 19:02:51 - Send SIGINT 13348
2026-05-09 19:02:51 - SIGINT to 13348 failed - Killing as fallback
2026-05-09 19:02:51 - Stopping process 6220
2026-05-09 19:02:51 - Send SIGINT 6220
2026-05-09 19:02:51 - SIGINT to 6220 failed - Killing as fallback
2026-05-09 19:02:51 - Stopping process 11592
2026-05-09 19:02:51 - Send SIGINT 11592
2026-05-09 19:02:51 - SIGINT to 11592 failed - Killing as fallback
2026-05-09 19:02:51 - Finished contaesteservice.exe
2026-05-09 19:02:51 - Starting C:\Program Files\nodejs\node.exe  --harmony C:\Users\Richard\Desktop\Contabilidad\ContaEste\node_modules\node-windows\lib\wrapper.js --file C:\Users\Richard\Desktop\Contabilidad\ContaEste\server.js --scriptoptions= --log "ContaEsteService wrapper" --grow 0.25 --wait 1 --maxrestarts 3 --abortonerror n --stopparentfirst undefined
2026-05-09 19:02:51 - Started 10744
2026-05-09 19:08:24 - Stopping contaesteservice.exe
2026-05-09 19:08:24 - ProcessKill 10744
2026-05-09 19:08:24 - Found child process: 8560 Name: conhost.exe
2026-05-09 19:08:24 - Found child process: 9252 Name: node.exe
2026-05-09 19:08:24 - Stopping process 8560
2026-05-09 19:08:24 - Send SIGINT 8560
2026-05-09 19:08:24 - SIGINT to 8560 failed - Killing as fallback
2026-05-09 19:08:24 - Stopping process 9252
2026-05-09 19:08:24 - Send SIGINT 9252
2026-05-09 19:08:24 - SIGINT to 9252 failed - Killing as fallback
2026-05-09 19:08:24 - Stopping process 10744
2026-05-09 19:08:24 - Send SIGINT 10744
2026-05-09 19:08:24 - SIGINT to 10744 failed - Killing as fallback
2026-05-09 19:08:24 - Finished contaesteservice.exe
2026-05-09 19:08:25 - Starting C:\Program Files\nodejs\node.exe  --harmony C:\Users\Richard\Desktop\Contabilidad\ContaEste\node_modules\node-windows\lib\wrapper.js --file C:\Users\Richard\Desktop\Contabilidad\ContaEste\server.js --scriptoptions= --log "ContaEsteService wrapper" --grow 0.25 --wait 1 --maxrestarts 3 --abortonerror n --stopparentfirst undefined
2026-05-09 19:08:25 - Started 8544
2026-05-09 19:14:20 - Stopping contaesteservice.exe
2026-05-09 19:14:20 - ProcessKill 8544
2026-05-09 19:14:20 - Found child process: 12384 Name: conhost.exe
2026-05-09 19:14:20 - Found child process: 12364 Name: node.exe
2026-05-09 19:14:20 - Stopping process 12384
2026-05-09 19:14:20 - Send SIGINT 12384
2026-05-09 19:14:20 - SIGINT to 12384 failed - Killing as fallback
2026-05-09 19:14:20 - Stopping process 12364
2026-05-09 19:14:20 - Send SIGINT 12364
2026-05-09 19:14:20 - SIGINT to 12364 failed - Killing as fallback
2026-05-09 19:14:20 - Stopping process 8544
2026-05-09 19:14:20 - Send SIGINT 8544
2026-05-09 19:14:20 - SIGINT to 8544 failed - Killing as fallback
2026-05-09 19:14:20 - Finished contaesteservice.exe
2026-05-09 19:14:20 - Starting C:\Program Files\nodejs\node.exe  --harmony C:\Users\Richard\Desktop\Contabilidad\ContaEste\node_modules\node-windows\lib\wrapper.js --file C:\Users\Richard\Desktop\Contabilidad\ContaEste\server.js --scriptoptions= --log "ContaEsteService wrapper" --grow 0.25 --wait 1 --maxrestarts 3 --abortonerror n --stopparentfirst undefined
2026-05-09 19:14:20 - Started 11200
