❌ Error enviando a richardsimons1993@gmail.com: Invalid login: 535 5.7.3 Authentication unsuccessful [SCZP215CA0007.LAMP215.PROD.OUTLOOK.COM 2026-04-28T19:40:34.399Z 08DEA4CFBEC01538]
node:internal/modules/cjs/loader:1459
  throw err;
  ^

Error: Cannot find module 'multer'
Require stack:
- C:\Users\Richard\Desktop\Contabilidad\ContaEste\server.js
    at Module._resolveFilename (node:internal/modules/cjs/loader:1456:15)
    at defaultResolveImpl (node:internal/modules/cjs/loader:1066:19)
    at resolveForCJSWithHooks (node:internal/modules/cjs/loader:1071:22)
    at Module._load (node:internal/modules/cjs/loader:1242:25)
    at wrapModuleLoad (node:internal/modules/cjs/loader:255:19)
    at Module.require (node:internal/modules/cjs/loader:1556:12)
    at require (node:internal/modules/helpers:152:16)
    at Object.<anonymous> (C:\Users\Richard\Desktop\Contabilidad\ContaEste\server.js:9:16)
    at Module._compile (node:internal/modules/cjs/loader:1812:14)
    at Object..js (node:internal/modules/cjs/loader:1943:10) {
  code: 'MODULE_NOT_FOUND',
  requireStack: [ 'C:\\Users\\Richard\\Desktop\\Contabilidad\\ContaEste\\server.js' ]
}

Node.js v24.14.0
node:internal/modules/cjs/loader:1459
  throw err;
  ^

Error: Cannot find module 'multer'
Require stack:
- C:\Users\Richard\Desktop\Contabilidad\ContaEste\server.js
    at Module._resolveFilename (node:internal/modules/cjs/loader:1456:15)
    at defaultResolveImpl (node:internal/modules/cjs/loader:1066:19)
    at resolveForCJSWithHooks (node:internal/modules/cjs/loader:1071:22)
    at Module._load (node:internal/modules/cjs/loader:1242:25)
    at wrapModuleLoad (node:internal/modules/cjs/loader:255:19)
    at Module.require (node:internal/modules/cjs/loader:1556:12)
    at require (node:internal/modules/helpers:152:16)
    at Object.<anonymous> (C:\Users\Richard\Desktop\Contabilidad\ContaEste\server.js:9:16)
    at Module._compile (node:internal/modules/cjs/loader:1812:14)
    at Object..js (node:internal/modules/cjs/loader:1943:10) {
  code: 'MODULE_NOT_FOUND',
  requireStack: [ 'C:\\Users\\Richard\\Desktop\\Contabilidad\\ContaEste\\server.js' ]
}

Node.js v24.14.0
node:internal/modules/cjs/loader:1459
  throw err;
  ^

Error: Cannot find module 'multer'
Require stack:
- C:\Users\Richard\Desktop\Contabilidad\ContaEste\server.js
    at Module._resolveFilename (node:internal/modules/cjs/loader:1456:15)
    at defaultResolveImpl (node:internal/modules/cjs/loader:1066:19)
    at resolveForCJSWithHooks (node:internal/modules/cjs/loader:1071:22)
    at Module._load (node:internal/modules/cjs/loader:1242:25)
    at wrapModuleLoad (node:internal/modules/cjs/loader:255:19)
    at Module.require (node:internal/modules/cjs/loader:1556:12)
    at require (node:internal/modules/helpers:152:16)
    at Object.<anonymous> (C:\Users\Richard\Desktop\Contabilidad\ContaEste\server.js:9:16)
    at Module._compile (node:internal/modules/cjs/loader:1812:14)
    at Object..js (node:internal/modules/cjs/loader:1943:10) {
  code: 'MODULE_NOT_FOUND',
  requireStack: [ 'C:\\Users\\Richard\\Desktop\\Contabilidad\\ContaEste\\server.js' ]
}

Node.js v24.14.0
❌ Error enviando a richardsimons1993@gmail.com: Invalid login: 535 5.7.3 Authentication unsuccessful [SCWP298CA0004.CHLP298.PROD.OUTLOOK.COM 2026-04-28T19:52:09.178Z 08DEA411847A66E6]
❌ Error enviando a richardsimons1993@gmail.com: Invalid login: 535 5.7.3 Authentication unsuccessful [SCWP298CA0005.CHLP298.PROD.OUTLOOK.COM 2026-04-28T19:57:13.721Z 08DEA5527DAE3985]
❌ Error enviando a richardsimons1993@gmail.com: Invalid login: 535 5.7.3 Authentication unsuccessful [SCYP152CA0072.LAMP152.PROD.OUTLOOK.COM 2026-04-28T20:05:22.328Z 08DEA4F126EDC127]
❌ Error enviando a richardsimons1993@gmail.com: Invalid login: 535 5.7.3 Authentication unsuccessful [SCYPR80CA0066.lamprd80.prod.outlook.com 2026-04-28T20:06:00.479Z 08DEA3F0AC2676A1]
❌ Error enviando a richardsimons1993@gmail.com: Invalid login: 535 5.7.3 Authentication unsuccessful [SCYP152CA0057.LAMP152.PROD.OUTLOOK.COM 2026-04-28T20:07:12.976Z 08DEA3E3678F6E60]
