◇ injected env (14) from app/ContaEste/.env // tip: ⌘ suppress logs { quiet: true }
[Cron Alerts] Inicio de ejecución a las: 2026-07-16T12:30:02.416Z
✅ Conectado a SQL Server (ContabilidadDB)
[Cron Alerts] Encontrados 1 usuarios con alertas activas.
[Cron Alerts] Encontrados 1 gastos pendientes/vencidos. Enviando a 1 usuarios.
[Cron Alerts] No hay contratos activos pendientes de facturar en el mes corriente.
[Cron Alerts] Enviando 1 correos en total...
✉️ Correo enviado vía Graph a: richard@simons.cl (Asunto: Pago Pendiente)
[Cron Alerts] Finalizado. Envíos exitosos: 1/1
[Cron Alerts] Iniciando limpieza de logs antiguos (>30 días)...
[Cron Alerts] Limpieza completada. Registros eliminados: 1
[Cron Alerts] Conexión a la base de datos cerrada.
[Cron Alerts] Fin de la ejecución.
◇ injected env (14) from app/ContaEste/.env // tip: ⌘ enable debugging { debug: true }
[Cron Alerts] Inicio de ejecución a las: 2026-07-17T12:30:01.928Z
✅ Conectado a SQL Server (ContabilidadDB)
[Cron Alerts] Encontrados 1 usuarios con alertas activas.
[Cron Alerts] No hay gastos operacionales vencidos o por vencer en <= 3 días.
[Cron Alerts] No hay contratos activos pendientes de facturar en el mes corriente.
[Cron Alerts] Iniciando limpieza de logs antiguos (>30 días)...
[Cron Alerts] Limpieza completada. Registros eliminados: 3
[Cron Alerts] Conexión a la base de datos cerrada.
[Cron Alerts] Fin de la ejecución.
◇ injected env (14) from app/ContaEste/.env // tip: ⌁ auth for agents [www.vestauth.com]
[Cron Alerts] Inicio de ejecución a las: 2026-07-18T12:30:01.435Z
✅ Conectado a SQL Server (ContabilidadDB)
[Cron Alerts] Encontrados 1 usuarios con alertas activas.
[Cron Alerts] No hay gastos operacionales vencidos o por vencer en <= 3 días.
[Cron Alerts] No hay contratos activos pendientes de facturar en el mes corriente.
[Cron Alerts] Iniciando limpieza de logs antiguos (>30 días)...
[Cron Alerts] Limpieza completada. Registros eliminados: 7
[Cron Alerts] Conexión a la base de datos cerrada.
[Cron Alerts] Fin de la ejecución.
◇ injected env (14) from app/ContaEste/.env // tip: ⌘ multiple files { path: ['.env.local', '.env'] }
[Cron Alerts] Inicio de ejecución a las: 2026-07-19T12:30:02.022Z
✅ Conectado a SQL Server (ContabilidadDB)
[Cron Alerts] Encontrados 1 usuarios con alertas activas.
[Cron Alerts] No hay gastos operacionales vencidos o por vencer en <= 3 días.
[Cron Alerts] No hay contratos activos pendientes de facturar en el mes corriente.
[Cron Alerts] Iniciando limpieza de logs antiguos (>30 días)...
[Cron Alerts] Limpieza completada. Registros eliminados: 7
[Cron Alerts] Conexión a la base de datos cerrada.
[Cron Alerts] Fin de la ejecución.
◇ injected env (14) from app/ContaEste/.env // tip: ◈ secrets for agents [www.dotenvx.com]
[Cron Alerts] Inicio de ejecución a las: 2026-07-20T12:30:01.551Z
✅ Conectado a SQL Server (ContabilidadDB)
[Cron Alerts] Encontrados 1 usuarios con alertas activas.
[Cron Alerts] No hay gastos operacionales vencidos o por vencer en <= 3 días.
[Cron Alerts] No hay contratos activos pendientes de facturar en el mes corriente.
[Cron Alerts] Iniciando limpieza de logs antiguos (>30 días)...
[Cron Alerts] Limpieza completada. Registros eliminados: 1
[Cron Alerts] Conexión a la base de datos cerrada.
[Cron Alerts] Fin de la ejecución.
◇ injected env (14) from app/ContaEste/.env // tip: ⌘ suppress logs { quiet: true }
[Cron Alerts] Inicio de ejecución a las: 2026-07-21T12:30:01.939Z
✅ Conectado a SQL Server (ContabilidadDB)
[Cron Alerts] Encontrados 1 usuarios con alertas activas.
[Cron Alerts] No hay gastos operacionales vencidos o por vencer en <= 3 días.
[Cron Alerts] No hay contratos activos pendientes de facturar en el mes corriente.
[Cron Alerts] Iniciando limpieza de logs antiguos (>30 días)...
[Cron Alerts] Limpieza completada. Registros eliminados: 2
[Cron Alerts] Conexión a la base de datos cerrada.
[Cron Alerts] Fin de la ejecución.
